<?xml version="1.0" encoding="UTF-8"?>
<!-- Generated by org.testng.reporters.JUnitReportReporter -->
<testsuite hostname="AkshayNaktode" failures="0" tests="1" name="com.demo.RegistrationFormTest" time="3.330" errors="0" timestamp="2025-10-03T14:49:03 IST" skipped="0">
  <testcase classname="com.demo.RegistrationFormTest" name="fillFormUsingExcelData" time="3.330"/>
</testsuite> <!-- com.demo.RegistrationFormTest -->
